
SQL*Loader: Release 23.0.0.0.0 - for Oracle Cloud and Engineered Systems on Wed Apr 30 00:23:15 2025
Version 23.7.0.25.01

Copyright (c) 1982, 2025, Oracle and/or its affiliates.  All rights reserved.

Control File:   ./ctl/donacionEjemplar.ctl
Data File:      ./csv/donacionEjemplar.csv
  Bad File:     ./bad/donacionEjemplar.bad
  Discard File:  none specified
 
 (Allow all discards)

Number to load: ALL
Number to skip: 0
Errors allowed: 50
Bind array:     250 rows, maximum of 1048576 bytes
Continuation:    none specified
Path used:      Conventional

Table DONACIONEJEMPLAR, loaded from every logical record.
Insert option in effect for this table: INSERT

   Column Name                  Position   Len  Term Encl Datatype
------------------------------ ---------- ----- ---- ---- ---------------------
IDDONACION                          FIRST     *   ,  O(") CHARACTER            
IDUSUARIO                            NEXT     *   ,  O(") CHARACTER            
IDEJEMPLAR                           NEXT     *   ,  O(") CHARACTER            
FECHADONACION                        NEXT     *   ,  O(") DATE YYYY-MM-DD      

Record 1: Rejected - Error on table DONACIONEJEMPLAR, column IDDONACION.
ORA-01722: unable to convert string value containing 'i' to a number: 
ORA-03302: (ORA-01722 details) invalid string value: idDonacion
Help: https://docs.oracle.com/error-help/db/ora-01722/


Table DONACIONEJEMPLAR:
  15 Rows successfully loaded.
  1 Row not loaded due to data errors.
  0 Rows not loaded because all WHEN clauses were failed.
  0 Rows not loaded because all fields were null.


Space allocated for bind array:                 258000 bytes(250 rows)
Read   buffer bytes: 1048576

Total logical records skipped:          0
Total logical records read:            16
Total logical records rejected:         1
Total logical records discarded:        0

Run began on Wed Apr 30 00:23:15 2025
Run ended on Wed Apr 30 00:23:25 2025

Elapsed time was:     00:00:10.71
CPU time was:         00:00:00.05
