
SQL*Loader: Release 23.0.0.0.0 - Production on Tue Apr 29 18:04:52 2025
Version 23.7.0.25.01

Copyright (c) 1982, 2025, Oracle and/or its affiliates.  All rights reserved.

Control File:   C:\Users\jsgar\OneDrive\Escritorio\UNIVERSIDAD\SEMESTRE 6\DATOS\proyecto\literatura.ctl
Data File:      C:\Users\jsgar\OneDrive\Escritorio\UNIVERSIDAD\SEMESTRE 6\DATOS\proyecto\literatura.csv
  Bad File:     C:\Users\jsgar\OneDrive\Escritorio\UNIVERSIDAD\SEMESTRE 6\DATOS\proyecto\literatura.bad
  Discard File:  none specified
 
 (Allow all discards)

Number to load: ALL
Number to skip: 0
Errors allowed: 50
Bind array:     250 rows, maximum of 1048576 bytes
Continuation:    none specified
Path used:      Conventional

Table LITERATURA, loaded from every logical record.
Insert option in effect for this table: INSERT

   Column Name                  Position   Len  Term Encl Datatype
------------------------------ ---------- ----- ---- ---- ---------------------
IDNUMERO                            FIRST     *   ,  O(") CHARACTER            
NOMBRE                               NEXT     *   ,  O(") CHARACTER            
DESCRIPCION                          NEXT     *   ,  O(") CHARACTER            

Record 1: Rejected - Error on table LITERATURA, column IDNUMERO.
ORA-01722: unable to convert string value containing 'i' to a number: 
ORA-03302: (ORA-01722 details) invalid string value: idNumero
Help: https://docs.oracle.com/error-help/db/ora-01722/


Table LITERATURA:
  5 Rows successfully loaded.
  1 Row not loaded due to data errors.
  0 Rows not loaded because all WHEN clauses were failed.
  0 Rows not loaded because all fields were null.


Space allocated for bind array:                 193500 bytes(250 rows)
Read   buffer bytes: 1048576

Total logical records skipped:          0
Total logical records read:             6
Total logical records rejected:         1
Total logical records discarded:        0

Run began on Tue Apr 29 18:04:52 2025
Run ended on Tue Apr 29 18:05:00 2025

Elapsed time was:     00:00:07.87
CPU time was:         00:00:00.07
